<?xml version="1.0" encoding="UTF-8"?>
<testsuite xmlns:xsi="http://www.w3.org/2001/XMLSchema-instance" xsi:noNamespaceSchemaLocation="https://maven.apache.org/surefire/maven-surefire-plugin/xsd/surefire-test-report-3.0.xsd" version="3.0" name="Wikipedia search functionality" time="41.748" tests="9" errors="0" skipped="0" failures="0">
  <properties>
[...]
</properties>
  <testcase name="Wikipedia Search Functionality Title Verification" classname="Wikipedia search functionality" time="18.562">
    <system-out><![CDATA[______set up browser with further________ 
_________setUp applying for each step_________
________tear down applying for each step__________
_________setUp applying for each step_________
________tear down applying for each step__________
_________setUp applying for each step_________
________tear down applying for each step__________
_________setUp applying for each step_________
________tear down applying for each step__________
__________tear down steps are being applied__________
]]></system-out>
    <system-err><![CDATA[Starting ChromeDriver 92.0.4515.43 (8c61b7e2989f2990d42f859cac71319137787cce-refs/branch-heads/4515@{#306}) on port 14319
Only local connections are allowed.
Please see https://chromedriver.chromium.org/security-considerations for suggestions on keeping ChromeDriver safe.
ChromeDriver was started successfully.
Jul 24, 2021 5:02:48 PM org.openqa.selenium.remote.ProtocolHandshake createSession
INFO: Detected dialect: W3C
]]></system-err>
  </testcase>
  <testcase name="Wikipedia Search Functionality Header Verification #1" classname="Wikipedia search functionality" time="5.224">
    <system-out><![CDATA[______set up browser with further________ 
_________setUp applying for each step_________
________tear down applying for each step__________
_________setUp applying for each step_________
________tear down applying for each step__________
_________setUp applying for each step_________
________tear down applying for each step__________
_________setUp applying for each step_________
________tear down applying for each step__________
__________tear down steps are being applied__________
]]></system-out>
  </testcase>
  <testcase name="Wikipedia Search Functionality Header Verification #2" classname="Wikipedia search functionality" time="5.147">
    <system-out><![CDATA[______set up browser with further________ 
_________setUp applying for each step_________
________tear down applying for each step__________
_________setUp applying for each step_________
________tear down applying for each step__________
_________setUp applying for each step_________
________tear down applying for each step__________
_________setUp applying for each step_________
________tear down applying for each step__________
_________setUp applying for each step_________
________tear down applying for each step__________
__________tear down steps are being applied__________
]]></system-out>
  </testcase>
  <testcase name="Wikipedia Search Functionality Header Verification #3" classname="Wikipedia search functionality" time="4.263">
    <system-out><![CDATA[______set up browser with further________ 
_________setUp applying for each step_________
________tear down applying for each step__________
_________setUp applying for each step_________
________tear down applying for each step__________
_________setUp applying for each step_________
________tear down applying for each step__________
_________setUp applying for each step_________
________tear down applying for each step__________
_________setUp applying for each step_________
________tear down applying for each step__________
__________tear down steps are being applied__________
]]></system-out>
  </testcase>
  <testcase name="Wikipedia Search Functionality Header Verification #4" classname="Wikipedia search functionality" time="2.844">
    <system-out><![CDATA[______set up browser with further________ 
_________setUp applying for each step_________
________tear down applying for each step__________
_________setUp applying for each step_________
________tear down applying for each step__________
_________setUp applying for each step_________
________tear down applying for each step__________
_________setUp applying for each step_________
________tear down applying for each step__________
_________setUp applying for each step_________
________tear down applying for each step__________
__________tear down steps are being applied__________
]]></system-out>
  </testcase>
  <testcase name="Wikipedia Search Functionality Header Verification #5" classname="Wikipedia search functionality" time="1.621">
    <system-out><![CDATA[______set up browser with further________ 
_________setUp applying for each step_________
________tear down applying for each step__________
_________setUp applying for each step_________
________tear down applying for each step__________
_________setUp applying for each step_________
________tear down applying for each step__________
_________setUp applying for each step_________
________tear down applying for each step__________
_________setUp applying for each step_________
________tear down applying for each step__________
__________tear down steps are being applied__________
]]></system-out>
  </testcase>
  <testcase name="Wikipedia Search Functionality Header Verification #6" classname="Wikipedia search functionality" time="1.453">
    <system-out><![CDATA[______set up browser with further________ 
_________setUp applying for each step_________
________tear down applying for each step__________
_________setUp applying for each step_________
________tear down applying for each step__________
_________setUp applying for each step_________
________tear down applying for each step__________
_________setUp applying for each step_________
________tear down applying for each step__________
_________setUp applying for each step_________
________tear down applying for each step__________
__________tear down steps are being applied__________
]]></system-out>
  </testcase>
  <testcase name="Wikipedia Search Functionality Header Verification #7" classname="Wikipedia search functionality" time="1.495">
    <system-out><![CDATA[______set up browser with further________ 
_________setUp applying for each step_________
________tear down applying for each step__________
_________setUp applying for each step_________
________tear down applying for each step__________
_________setUp applying for each step_________
________tear down applying for each step__________
_________setUp applying for each step_________
________tear down applying for each step__________
_________setUp applying for each step_________
________tear down applying for each step__________
__________tear down steps are being applied__________
]]></system-out>
  </testcase>
  <testcase name="Wikipedia Search Functionality Header Verification #8" classname="Wikipedia search functionality" time="1.138">
    <system-out><![CDATA[______set up browser with further________ 
_________setUp applying for each step_________
________tear down applying for each step__________
_________setUp applying for each step_________
________tear down applying for each step__________
_________setUp applying for each step_________
________tear down applying for each step__________
_________setUp applying for each step_________
________tear down applying for each step__________
_________setUp applying for each step_________
________tear down applying for each step__________
__________tear down steps are being applied__________
]]></system-out>
  </testcase>
</testsuite>