<?xml version="1.0" encoding="UTF-8"?>
<testsuite xmlns:xsi="http://www.w3.org/2001/XMLSchema-instance" xsi:noNamespaceSchemaLocation="https://maven.apache.org/surefire/maven-surefire-plugin/xsd/surefire-test-report-3.0.xsd" version="3.0" name="com.cybertek.runners.CukesRunner" time="21.947" tests="7" errors="0" skipped="0" failures="0">
  <properties>
[...]
</properties>
  <testcase name="Wikipedia Search Functionality Header Verification #2" classname="Wikipedia search functionality" time="8.78">
    <system-out><![CDATA[______set up browser with further________ 
_________setUp applying for each step_________
________tear down applying for each step__________
_________setUp applying for each step_________
________tear down applying for each step__________
_________setUp applying for each step_________
________tear down applying for each step__________
_________setUp applying for each step_________
________tear down applying for each step__________
_________setUp applying for each step_________
________tear down applying for each step__________
__________tear down steps are being applied__________
]]></system-out>
    <system-err><![CDATA[SLF4J: Failed to load class "org.slf4j.impl.StaticLoggerBinder".
SLF4J: Defaulting to no-operation (NOP) logger implementation
SLF4J: See http://www.slf4j.org/codes.html#StaticLoggerBinder for further details.
Starting ChromeDriver 92.0.4515.43 (8c61b7e2989f2990d42f859cac71319137787cce-refs/branch-heads/4515@{#306}) on port 25597
Only local connections are allowed.
Please see https://chromedriver.chromium.org/security-considerations for suggestions on keeping ChromeDriver safe.
ChromeDriver was started successfully.
Jul 24, 2021 4:22:29 PM org.openqa.selenium.remote.ProtocolHandshake createSession
INFO: Detected dialect: W3C
]]></system-err>
  </testcase>
  <testcase name="Wikipedia Search Functionality Header Verification #3" classname="Wikipedia search functionality" time="2.288">
    <system-out><![CDATA[______set up browser with further________ 
_________setUp applying for each step_________
________tear down applying for each step__________
_________setUp applying for each step_________
________tear down applying for each step__________
_________setUp applying for each step_________
________tear down applying for each step__________
_________setUp applying for each step_________
________tear down applying for each step__________
_________setUp applying for each step_________
________tear down applying for each step__________
__________tear down steps are being applied__________
]]></system-out>
  </testcase>
  <testcase name="Wikipedia Search Functionality Header Verification #4" classname="Wikipedia search functionality" time="2.417">
    <system-out><![CDATA[______set up browser with further________ 
_________setUp applying for each step_________
________tear down applying for each step__________
_________setUp applying for each step_________
________tear down applying for each step__________
_________setUp applying for each step_________
________tear down applying for each step__________
_________setUp applying for each step_________
________tear down applying for each step__________
_________setUp applying for each step_________
________tear down applying for each step__________
__________tear down steps are being applied__________
]]></system-out>
  </testcase>
  <testcase name="Wikipedia Search Functionality Header Verification #5" classname="Wikipedia search functionality" time="1.733">
    <system-out><![CDATA[______set up browser with further________ 
_________setUp applying for each step_________
________tear down applying for each step__________
_________setUp applying for each step_________
________tear down applying for each step__________
_________setUp applying for each step_________
________tear down applying for each step__________
_________setUp applying for each step_________
________tear down applying for each step__________
_________setUp applying for each step_________
________tear down applying for each step__________
__________tear down steps are being applied__________
]]></system-out>
  </testcase>
  <testcase name="Wikipedia Search Functionality Header Verification #6" classname="Wikipedia search functionality" time="1.574">
    <system-out><![CDATA[______set up browser with further________ 
_________setUp applying for each step_________
________tear down applying for each step__________
_________setUp applying for each step_________
________tear down applying for each step__________
_________setUp applying for each step_________
________tear down applying for each step__________
_________setUp applying for each step_________
________tear down applying for each step__________
_________setUp applying for each step_________
________tear down applying for each step__________
__________tear down steps are being applied__________
]]></system-out>
  </testcase>
  <testcase name="Wikipedia Search Functionality Header Verification #7" classname="Wikipedia search functionality" time="1.665">
    <system-out><![CDATA[______set up browser with further________ 
_________setUp applying for each step_________
________tear down applying for each step__________
_________setUp applying for each step_________
________tear down applying for each step__________
_________setUp applying for each step_________
________tear down applying for each step__________
_________setUp applying for each step_________
________tear down applying for each step__________
_________setUp applying for each step_________
________tear down applying for each step__________
__________tear down steps are being applied__________
]]></system-out>
  </testcase>
  <testcase name="Wikipedia Search Functionality Header Verification #8" classname="Wikipedia search functionality" time="1.447">
    <system-out><![CDATA[______set up browser with further________ 
_________setUp applying for each step_________
________tear down applying for each step__________
_________setUp applying for each step_________
________tear down applying for each step__________
_________setUp applying for each step_________
________tear down applying for each step__________
_________setUp applying for each step_________
________tear down applying for each step__________
_________setUp applying for each step_________
________tear down applying for each step__________
__________tear down steps are being applied__________
]]></system-out>
  </testcase>
</testsuite>